TN:
SF:src/App.jsx
FN:11,usePullToRefresh
FN:17,(anonymous_1)
FN:25,(anonymous_2)
FN:33,(anonymous_3)
FN:50,(anonymous_4)
FN:66,(anonymous_5)
FN:76,App
FN:90,onNeedRefresh
FN:93,onOfflineReady
FN:100,(anonymous_9)
FN:105,(anonymous_10)
FN:108,(anonymous_11)
FN:115,(anonymous_12)
FN:126,(anonymous_13)
FN:133,(anonymous_14)
FN:148,(anonymous_15)
FN:151,(anonymous_16)
FN:154,(anonymous_17)
FN:159,(anonymous_18)
FN:165,(anonymous_19)
FN:185,(anonymous_20)
FN:212,(anonymous_21)
FN:213,(anonymous_22)
FN:267,(anonymous_23)
FN:289,(anonymous_24)
FN:296,(anonymous_25)
FN:303,(anonymous_26)
FN:310,(anonymous_27)
FNF:28
FNH:12
FNDA:14,usePullToRefresh
FNDA:6,(anonymous_1)
FNDA:0,(anonymous_2)
FNDA:0,(anonymous_3)
FNDA:0,(anonymous_4)
FNDA:0,(anonymous_5)
FNDA:14,App
FNDA:0,onNeedRefresh
FNDA:0,onOfflineReady
FNDA:6,(anonymous_9)
FNDA:0,(anonymous_10)
FNDA:6,(anonymous_11)
FNDA:6,(anonymous_12)
FNDA:6,(anonymous_13)
FNDA:0,(anonymous_14)
FNDA:6,(anonymous_15)
FNDA:6,(anonymous_16)
FNDA:0,(anonymous_17)
FNDA:0,(anonymous_18)
FNDA:14,(anonymous_19)
FNDA:0,(anonymous_20)
FNDA:0,(anonymous_21)
FNDA:0,(anonymous_22)
FNDA:0,(anonymous_23)
FNDA:0,(anonymous_24)
FNDA:1,(anonymous_25)
FNDA:0,(anonymous_26)
FNDA:1,(anonymous_27)
DA:12,14
DA:13,14
DA:14,14
DA:15,14
DA:17,14
DA:18,6
DA:19,6
DA:21,0
DA:22,0
DA:23,0
DA:25,0
DA:26,0
DA:27,0
DA:28,0
DA:29,0
DA:33,0
DA:34,0
DA:35,0
DA:36,0
DA:37,0
DA:38,0
DA:39,0
DA:40,0
DA:41,0
DA:42,0
DA:43,0
DA:45,0
DA:50,0
DA:51,0
DA:52,0
DA:53,0
DA:54,0
DA:56,0
DA:57,0
DA:58,0
DA:59,0
DA:62,0
DA:63,0
DA:64,0
DA:66,0
DA:67,0
DA:68,0
DA:69,0
DA:73,14
DA:77,14
DA:78,14
DA:79,14
DA:80,14
DA:81,14
DA:82,14
DA:83,14
DA:84,14
DA:86,14
DA:89,14
DA:91,0
DA:94,0
DA:98,14
DA:100,14
DA:101,6
DA:102,0
DA:103,0
DA:105,6
DA:106,6
DA:107,6
DA:108,6
DA:109,6
DA:110,6
DA:115,14
DA:116,6
DA:117,6
DA:118,0
DA:119,6
DA:120,0
DA:121,6
DA:122,0
DA:126,14
DA:127,6
DA:128,6
DA:129,6
DA:132,6
DA:133,0
DA:134,0
DA:136,6
DA:137,6
DA:138,0
DA:140,6
DA:142,0
DA:144,6
DA:148,14
DA:149,6
DA:150,6
DA:151,6
DA:154,14
DA:155,0
DA:156,0
DA:159,14
DA:160,0
DA:161,0
DA:165,14
DA:166,14
DA:167,6
DA:175,8
DA:176,0
DA:184,8
DA:185,0
DA:188,8
DA:190,6
DA:191,5
DA:193,1
DA:195,1
DA:197,0
DA:198,0
DA:200,0
DA:207,1
DA:212,0
DA:214,0
DA:215,0
DA:221,0
DA:227,14
DA:267,0
DA:289,0
DA:296,1
DA:303,0
DA:310,1
LF:124
LH:61
BRDA:11,0,0,14
BRDA:18,1,0,0
BRDA:18,1,1,6
BRDA:19,2,0,6
BRDA:19,2,1,0
BRDA:26,3,0,0
BRDA:26,3,1,0
BRDA:34,4,0,0
BRDA:34,4,1,0
BRDA:37,5,0,0
BRDA:37,5,1,0
BRDA:42,6,0,0
BRDA:42,6,1,0
BRDA:51,7,0,0
BRDA:51,7,1,0
BRDA:53,8,0,0
BRDA:53,8,1,0
BRDA:78,9,0,14
BRDA:78,9,1,0
BRDA:101,10,0,0
BRDA:101,10,1,6
BRDA:117,11,0,0
BRDA:117,11,1,6
BRDA:119,12,0,0
BRDA:119,12,1,6
BRDA:121,13,0,0
BRDA:121,13,1,6
BRDA:132,14,0,0
BRDA:132,14,1,6
BRDA:134,15,0,0
BRDA:134,15,1,0
BRDA:137,16,0,0
BRDA:137,16,1,6
BRDA:149,17,0,6
BRDA:149,17,1,0
BRDA:160,18,0,0
BRDA:160,18,1,0
BRDA:166,19,0,6
BRDA:166,19,1,8
BRDA:166,20,0,14
BRDA:166,20,1,6
BRDA:175,21,0,0
BRDA:175,21,1,8
BRDA:175,22,0,8
BRDA:175,22,1,0
BRDA:184,23,0,0
BRDA:184,23,1,8
BRDA:184,24,0,8
BRDA:184,24,1,0
BRDA:188,25,0,8
BRDA:188,25,1,1
BRDA:188,25,2,0
BRDA:188,25,3,1
BRDA:188,25,4,0
BRDA:190,26,0,5
BRDA:190,26,1,1
BRDA:195,27,0,1
BRDA:195,27,1,0
BRDA:197,28,0,0
BRDA:197,28,1,0
BRDA:214,29,0,0
BRDA:214,29,1,0
BRDA:214,30,0,0
BRDA:214,30,1,0
BRDA:221,31,0,0
BRDA:221,31,1,0
BRDA:230,32,0,14
BRDA:230,32,1,0
BRDA:240,33,0,0
BRDA:240,33,1,0
BRDA:242,34,0,0
BRDA:242,34,1,0
BRDA:257,35,0,14
BRDA:257,35,1,0
BRDA:259,36,0,14
BRDA:259,36,1,0
BRDA:265,37,0,14
BRDA:265,37,1,2
BRDA:290,38,0,12
BRDA:290,38,1,2
BRDA:297,39,0,1
BRDA:297,39,1,13
BRDA:297,40,0,14
BRDA:297,40,1,13
BRDA:304,41,0,0
BRDA:304,41,1,14
BRDA:311,42,0,1
BRDA:311,42,1,13
BRF:88
BRH:39
end_of_record
TN:
SF:src/components/BonusCards.jsx
FN:4,(anonymous_0)
FN:6,(anonymous_1)
FN:16,(anonymous_2)
FN:24,(anonymous_3)
FN:55,(anonymous_4)
FN:63,(anonymous_5)
FN:80,(anonymous_6)
FN:82,(anonymous_7)
FN:103,(anonymous_8)
FN:121,(anonymous_9)
FN:133,(anonymous_10)
FN:165,(anonymous_11)
FN:172,(anonymous_12)
FN:188,(anonymous_13)
FN:190,(anonymous_14)
FN:206,(anonymous_15)
FN:224,(anonymous_16)
FN:236,(anonymous_17)
FN:262,(anonymous_18)
FN:269,(anonymous_19)
FN:286,(anonymous_20)
FN:291,(anonymous_21)
FN:307,(anonymous_22)
FN:326,(anonymous_23)
FN:338,(anonymous_24)
FNF:25
FNH:16
FNDA:272,(anonymous_0)
FNDA:42,(anonymous_1)
FNDA:126,(anonymous_2)
FNDA:19,(anonymous_3)
FNDA:19,(anonymous_4)
FNDA:28,(anonymous_5)
FNDA:42,(anonymous_6)
FNDA:42,(anonymous_7)
FNDA:0,(anonymous_8)
FNDA:0,(anonymous_9)
FNDA:0,(anonymous_10)
FNDA:19,(anonymous_11)
FNDA:28,(anonymous_12)
FNDA:42,(anonymous_13)
FNDA:42,(anonymous_14)
FNDA:0,(anonymous_15)
FNDA:0,(anonymous_16)
FNDA:0,(anonymous_17)
FNDA:19,(anonymous_18)
FNDA:28,(anonymous_19)
FNDA:42,(anonymous_20)
FNDA:42,(anonymous_21)
FNDA:0,(anonymous_22)
FNDA:0,(anonymous_23)
FNDA:0,(anonymous_24)
DA:4,272
DA:6,2
DA:7,42
DA:8,42
DA:17,126
DA:24,2
DA:25,19
DA:26,19
DA:55,2
DA:56,19
DA:57,19
DA:58,19
DA:60,14
DA:61,19
DA:63,19
DA:64,28
DA:65,28
DA:66,84
DA:68,28
DA:71,19
DA:72,19
DA:74,19
DA:80,42
DA:83,42
DA:103,0
DA:121,0
DA:133,0
DA:165,2
DA:166,19
DA:167,19
DA:168,19
DA:169,14
DA:170,14
DA:172,19
DA:173,28
DA:174,28
DA:175,84
DA:177,28
DA:180,19
DA:181,19
DA:183,19
DA:188,42
DA:191,42
DA:206,0
DA:224,0
DA:236,0
DA:262,2
DA:263,19
DA:264,19
DA:265,19
DA:266,14
DA:267,19
DA:269,19
DA:270,28
DA:271,28
DA:272,84
DA:274,28
DA:277,19
DA:278,19
DA:280,19
DA:286,42
DA:292,42
DA:307,0
DA:326,0
DA:338,0
LF:65
LH:56
BRDA:4,0,0,272
BRDA:4,0,1,28
BRDA:6,1,0,42
BRDA:7,2,0,42
BRDA:7,2,1,0
BRDA:16,3,0,42
BRDA:16,3,1,42
BRDA:25,4,0,19
BRDA:25,4,1,0
BRDA:31,5,0,19
BRDA:31,5,1,0
BRDA:40,6,0,19
BRDA:40,6,1,0
BRDA:44,7,0,19
BRDA:44,7,1,0
BRDA:48,8,0,19
BRDA:48,8,1,0
BRDA:58,9,0,5
BRDA:58,9,1,14
BRDA:58,10,0,19
BRDA:58,10,1,14
BRDA:60,11,0,14
BRDA:60,11,1,0
BRDA:61,12,0,14
BRDA:61,12,1,0
BRDA:66,13,0,0
BRDA:66,13,1,84
BRDA:84,14,0,0
BRDA:84,14,1,42
BRDA:86,15,0,42
BRDA:86,15,1,0
BRDA:88,16,0,0
BRDA:88,16,1,42
BRDA:89,17,0,0
BRDA:89,17,1,42
BRDA:97,18,0,0
BRDA:97,18,1,14
BRDA:107,19,0,0
BRDA:107,19,1,14
BRDA:108,20,0,0
BRDA:108,20,1,14
BRDA:111,21,0,19
BRDA:111,21,1,0
BRDA:143,22,0,0
BRDA:143,22,1,0
BRDA:147,23,0,0
BRDA:147,23,1,0
BRDA:150,24,0,0
BRDA:150,24,1,0
BRDA:150,24,2,0
BRDA:150,24,3,0
BRDA:151,25,0,0
BRDA:151,25,1,0
BRDA:152,26,0,0
BRDA:152,26,1,0
BRDA:168,27,0,5
BRDA:168,27,1,14
BRDA:168,28,0,19
BRDA:168,28,1,14
BRDA:170,29,0,14
BRDA:170,29,1,0
BRDA:175,30,0,0
BRDA:175,30,1,84
BRDA:191,31,0,0
BRDA:191,31,1,42
BRDA:194,32,0,0
BRDA:194,32,1,42
BRDA:200,33,0,0
BRDA:200,33,1,14
BRDA:210,34,0,0
BRDA:210,34,1,14
BRDA:211,35,0,0
BRDA:211,35,1,14
BRDA:214,36,0,19
BRDA:214,36,1,0
BRDA:245,37,0,0
BRDA:245,37,1,0
BRDA:247,38,0,0
BRDA:247,38,1,0
BRDA:247,38,2,0
BRDA:247,38,3,0
BRDA:248,39,0,0
BRDA:248,39,1,0
BRDA:249,40,0,0
BRDA:249,40,1,0
BRDA:265,41,0,5
BRDA:265,41,1,14
BRDA:265,42,0,19
BRDA:265,42,1,14
BRDA:266,43,0,14
BRDA:266,43,1,0
BRDA:267,44,0,14
BRDA:267,44,1,0
BRDA:272,45,0,84
BRDA:272,45,1,0
BRDA:292,46,0,42
BRDA:292,46,1,0
BRDA:295,47,0,42
BRDA:295,47,1,0
BRDA:301,48,0,14
BRDA:301,48,1,0
BRDA:311,49,0,0
BRDA:311,49,1,14
BRDA:312,50,0,0
BRDA:312,50,1,14
BRDA:315,51,0,19
BRDA:315,51,1,0
BRDA:348,52,0,0
BRDA:348,52,1,0
BRDA:352,53,0,0
BRDA:352,53,1,0
BRDA:355,54,0,0
BRDA:355,54,1,0
BRDA:355,54,2,0
BRDA:355,54,3,0
BRDA:356,55,0,0
BRDA:356,55,1,0
BRDA:357,56,0,0
BRDA:357,56,1,0
BRF:119
BRH:51
end_of_record
TN:
SF:src/components/InstallPrompt.jsx
FN:4,InstallPrompt
FN:10,(anonymous_1)
FN:23,(anonymous_2)
FN:29,(anonymous_3)
FN:32,(anonymous_4)
FN:50,(anonymous_5)
FN:83,(anonymous_6)
FN:111,(anonymous_7)
FNF:8
FNH:3
FNDA:14,InstallPrompt
FNDA:6,(anonymous_1)
FNDA:0,(anonymous_2)
FNDA:6,(anonymous_3)
FNDA:0,(anonymous_4)
FNDA:0,(anonymous_5)
FNDA:0,(anonymous_6)
FNDA:0,(anonymous_7)
DA:5,14
DA:6,14
DA:7,14
DA:8,14
DA:10,14
DA:12,6
DA:13,6
DA:15,6
DA:17,6
DA:18,0
DA:19,0
DA:23,6
DA:24,0
DA:25,0
DA:26,0
DA:28,6
DA:29,6
DA:32,14
DA:33,0
DA:35,0
DA:36,0
DA:37,0
DA:40,0
DA:41,0
DA:42,0
DA:43,0
DA:44,0
DA:45,0
DA:50,14
DA:51,0
DA:52,0
DA:55,14
DA:57,0
DA:83,0
DA:111,0
LF:35
LH:15
BRDA:12,0,0,6
BRDA:12,0,1,6
BRDA:13,1,0,0
BRDA:13,1,1,6
BRDA:17,2,0,0
BRDA:17,2,1,6
BRDA:35,3,0,0
BRDA:35,3,1,0
BRDA:40,4,0,0
BRDA:40,4,1,0
BRDA:43,5,0,0
BRDA:43,5,1,0
BRDA:55,6,0,14
BRDA:55,6,1,0
BRDA:55,7,0,14
BRDA:55,7,1,0
BRDA:78,8,0,0
BRDA:78,8,1,0
BRF:18
BRH:6
end_of_record
TN:
SF:src/components/OutletViews.jsx
FN:4,(anonymous_0)
FN:53,(anonymous_1)
FN:67,(anonymous_2)
FN:74,(anonymous_3)
FN:89,OutletListView
FN:98,(anonymous_5)
FN:111,(anonymous_6)
FN:129,(anonymous_7)
FN:142,(anonymous_8)
FN:151,(anonymous_9)
FN:164,(anonymous_10)
FN:178,(anonymous_11)
FN:179,(anonymous_12)
FN:187,(anonymous_13)
FN:205,(anonymous_14)
FN:205,(anonymous_15)
FN:215,(anonymous_16)
FN:215,(anonymous_17)
FN:224,(anonymous_18)
FN:229,OutletDetailView
FN:285,(anonymous_20)
FN:291,(anonymous_21)
FN:375,(anonymous_22)
FN:399,(anonymous_23)
FN:417,(anonymous_24)
FNF:25
FNH:6
FNDA:1,(anonymous_0)
FNDA:1,(anonymous_1)
FNDA:1,(anonymous_2)
FNDA:0,(anonymous_3)
FNDA:1,OutletListView
FNDA:1,(anonymous_5)
FNDA:0,(anonymous_6)
FNDA:0,(anonymous_7)
FNDA:0,(anonymous_8)
FNDA:0,(anonymous_9)
FNDA:0,(anonymous_10)
FNDA:1,(anonymous_11)
FNDA:0,(anonymous_12)
FNDA:0,(anonymous_13)
FNDA:0,(anonymous_14)
FNDA:0,(anonymous_15)
FNDA:0,(anonymous_16)
FNDA:0,(anonymous_17)
FNDA:0,(anonymous_18)
FNDA:0,OutletDetailView
FNDA:0,(anonymous_20)
FNDA:0,(anonymous_21)
FNDA:0,(anonymous_22)
FNDA:0,(anonymous_23)
FNDA:0,(anonymous_24)
DA:4,1
DA:5,1
DA:6,0
DA:53,1
DA:54,1
DA:55,1
DA:56,1
DA:57,1
DA:67,1
DA:68,1
DA:74,1
DA:75,0
DA:90,1
DA:91,1
DA:92,1
DA:93,1
DA:94,1
DA:95,1
DA:98,1
DA:99,1
DA:102,1
DA:104,1
DA:105,1
DA:106,1
DA:107,1
DA:111,1
DA:112,0
DA:113,0
DA:114,0
DA:115,0
DA:116,0
DA:117,0
DA:122,1
DA:123,1
DA:125,1
DA:129,0
DA:142,0
DA:151,0
DA:164,0
DA:179,1
DA:187,0
DA:205,0
DA:215,0
DA:224,0
DA:230,0
DA:231,0
DA:233,0
DA:234,0
DA:237,0
DA:243,0
DA:244,0
DA:245,0
DA:248,0
DA:251,0
DA:252,0
DA:253,0
DA:256,0
DA:257,0
DA:260,0
DA:266,0
DA:268,0
DA:285,0
DA:291,0
DA:376,0
DA:400,0
DA:417,0
LF:66
LH:28
BRDA:5,0,0,1
BRDA:5,0,1,0
BRDA:55,1,0,1
BRDA:55,1,1,0
BRDA:56,2,0,1
BRDA:56,2,1,0
BRDA:60,3,0,1
BRDA:60,3,1,0
BRDA:67,4,0,1
BRDA:68,5,0,1
BRDA:68,5,1,0
BRDA:98,6,0,1
BRDA:98,6,1,0
BRDA:99,7,0,1
BRDA:99,7,1,0
BRDA:100,8,0,0
BRDA:100,8,1,0
BRDA:102,9,0,0
BRDA:102,9,1,1
BRDA:104,10,0,0
BRDA:104,10,1,1
BRDA:105,11,0,0
BRDA:105,11,1,1
BRDA:105,12,0,0
BRDA:105,12,1,0
BRDA:106,13,0,0
BRDA:106,13,1,1
BRDA:112,14,0,0
BRDA:112,14,1,0
BRDA:112,14,2,0
BRDA:112,14,3,0
BRDA:112,14,4,0
BRDA:188,15,0,1
BRDA:188,15,1,0
BRDA:198,16,0,1
BRDA:198,16,1,0
BRDA:202,17,0,1
BRDA:202,17,1,0
BRDA:233,18,0,0
BRDA:233,18,1,0
BRDA:234,19,0,0
BRDA:234,19,1,0
BRDA:238,20,0,0
BRDA:238,20,1,0
BRDA:239,21,0,0
BRDA:239,21,1,0
BRDA:239,22,0,0
BRDA:239,22,1,0
BRDA:239,23,0,0
BRDA:239,23,1,0
BRDA:239,24,0,0
BRDA:239,24,1,0
BRDA:239,25,0,0
BRDA:239,25,1,0
BRDA:239,26,0,0
BRDA:239,26,1,0
BRDA:239,27,0,0
BRDA:239,27,1,0
BRDA:243,28,0,0
BRDA:243,28,1,0
BRDA:244,29,0,0
BRDA:244,29,1,0
BRDA:248,30,0,0
BRDA:248,30,1,0
BRDA:248,31,0,0
BRDA:248,31,1,0
BRDA:248,31,2,0
BRDA:266,32,0,0
BRDA:266,32,1,0
BRDA:280,33,0,0
BRDA:280,33,1,0
BRDA:282,34,0,0
BRDA:282,34,1,0
BRDA:298,35,0,0
BRDA:298,35,1,0
BRDA:301,36,0,0
BRDA:301,36,1,0
BRDA:302,37,0,0
BRDA:302,37,1,0
BRDA:312,38,0,0
BRDA:312,38,1,0
BRDA:318,39,0,0
BRDA:318,39,1,0
BRDA:324,40,0,0
BRDA:324,40,1,0
BRDA:335,41,0,0
BRDA:335,41,1,0
BRDA:339,42,0,0
BRDA:339,42,1,0
BRDA:344,43,0,0
BRDA:344,43,1,0
BRDA:346,44,0,0
BRDA:346,44,1,0
BRDA:347,45,0,0
BRDA:347,45,1,0
BRDA:352,46,0,0
BRDA:352,46,1,0
BRDA:360,47,0,0
BRDA:360,47,1,0
BRDA:364,48,0,0
BRDA:364,48,1,0
BRDA:379,49,0,0
BRDA:379,49,1,0
BRDA:397,50,0,0
BRDA:397,50,1,0
BRDA:398,51,0,0
BRDA:398,51,1,0
BRDA:399,52,0,0
BRDA:399,52,1,0
BRF:109
BRH:15
end_of_record
TN:
SF:src/components/ProfileView.jsx
FN:8,(anonymous_0)
FN:14,(anonymous_1)
FN:16,(anonymous_2)
FN:24,ProfileView
FN:42,(anonymous_4)
FN:60,(anonymous_5)
FN:64,(anonymous_6)
FN:66,(anonymous_7)
FN:67,(anonymous_8)
FN:71,(anonymous_9)
FN:81,(anonymous_10)
FN:105,(anonymous_11)
FN:135,(anonymous_12)
FN:136,(anonymous_13)
FN:170,(anonymous_14)
FN:195,(anonymous_15)
FN:278,(anonymous_16)
FN:334,(anonymous_17)
FN:338,(anonymous_18)
FN:349,(anonymous_19)
FN:369,(anonymous_20)
FN:373,(anonymous_21)
FN:384,(anonymous_22)
FN:388,(anonymous_23)
FN:388,(anonymous_24)
FN:401,(anonymous_25)
FN:405,(anonymous_26)
FN:405,(anonymous_27)
FN:417,(anonymous_28)
FN:421,(anonymous_29)
FN:421,(anonymous_30)
FN:441,UsersIcon
FNF:32
FNH:19
FNDA:348,(anonymous_0)
FNDA:86,(anonymous_1)
FNDA:17,(anonymous_2)
FNDA:104,ProfileView
FNDA:17,(anonymous_4)
FNDA:17,(anonymous_5)
FNDA:19,(anonymous_6)
FNDA:0,(anonymous_7)
FNDA:2,(anonymous_8)
FNDA:19,(anonymous_9)
FNDA:1,(anonymous_10)
FNDA:3,(anonymous_11)
FNDA:2,(anonymous_12)
FNDA:2,(anonymous_13)
FNDA:0,(anonymous_14)
FNDA:2,(anonymous_15)
FNDA:4,(anonymous_16)
FNDA:0,(anonymous_17)
FNDA:0,(anonymous_18)
FNDA:9,(anonymous_19)
FNDA:0,(anonymous_20)
FNDA:0,(anonymous_21)
FNDA:0,(anonymous_22)
FNDA:0,(anonymous_23)
FNDA:0,(anonymous_24)
FNDA:24,(anonymous_25)
FNDA:0,(anonymous_26)
FNDA:0,(anonymous_27)
FNDA:24,(anonymous_28)
FNDA:0,(anonymous_29)
FNDA:0,(anonymous_30)
FNDA:1,UsersIcon
DA:8,2
DA:9,348
DA:14,86
DA:16,2
DA:17,17
DA:18,17
DA:19,17
DA:20,16
DA:21,16
DA:25,104
DA:26,104
DA:27,104
DA:28,104
DA:29,104
DA:32,104
DA:33,104
DA:34,104
DA:37,104
DA:38,104
DA:39,104
DA:40,104
DA:42,104
DA:43,17
DA:44,17
DA:45,17
DA:46,17
DA:49,15
DA:50,15
DA:51,15
DA:52,15
DA:54,1
DA:56,16
DA:60,104
DA:61,17
DA:64,104
DA:65,19
DA:66,2
DA:67,2
DA:71,104
DA:72,19
DA:73,2
DA:74,2
DA:76,17
DA:77,17
DA:81,104
DA:82,1
DA:83,1
DA:84,1
DA:85,1
DA:86,1
DA:87,1
DA:92,1
DA:93,1
DA:94,1
DA:95,1
DA:96,1
DA:97,1
DA:99,0
DA:101,1
DA:105,104
DA:106,3
DA:107,3
DA:108,1
DA:109,1
DA:111,2
DA:112,1
DA:113,1
DA:115,1
DA:116,1
DA:117,1
DA:118,1
DA:119,1
DA:124,1
DA:125,1
DA:126,1
DA:127,1
DA:129,0
DA:131,1
DA:135,104
DA:136,2
DA:139,104
DA:140,104
DA:141,104
DA:143,104
DA:144,17
DA:152,87
DA:170,0
DA:195,2
DA:278,4
DA:334,0
DA:338,0
DA:349,9
DA:369,0
DA:373,0
DA:384,0
DA:388,0
DA:401,24
DA:405,0
DA:417,24
DA:421,0
DA:442,1
LF:101
LH:90
BRDA:8,0,0,348
BRDA:14,1,0,86
BRDA:14,1,1,0
BRDA:17,2,0,0
BRDA:17,2,1,17
BRDA:19,3,0,1
BRDA:19,3,1,16
BRDA:20,4,0,0
BRDA:20,4,1,16
BRDA:49,5,0,0
BRDA:49,5,1,15
BRDA:52,6,0,15
BRDA:52,6,1,0
BRDA:65,7,0,2
BRDA:65,7,1,17
BRDA:72,8,0,2
BRDA:72,8,1,17
BRDA:83,9,0,0
BRDA:83,9,1,1
BRDA:92,10,0,0
BRDA:92,10,1,1
BRDA:97,11,0,1
BRDA:97,11,1,1
BRDA:107,12,0,1
BRDA:107,12,1,2
BRDA:111,13,0,1
BRDA:111,13,1,1
BRDA:124,14,0,0
BRDA:124,14,1,1
BRDA:141,15,0,104
BRDA:141,15,1,18
BRDA:141,15,2,0
BRDA:143,16,0,17
BRDA:143,16,1,87
BRDA:143,17,0,104
BRDA:143,17,1,17
BRDA:160,18,0,87
BRDA:160,18,1,2
BRDA:166,19,0,104
BRDA:166,19,1,3
BRDA:177,20,0,104
BRDA:177,20,1,0
BRDA:180,21,0,104
BRDA:180,21,1,0
BRDA:182,22,0,104
BRDA:182,22,1,0
BRDA:186,23,0,104
BRDA:186,23,1,0
BRDA:188,24,0,104
BRDA:188,24,1,87
BRDA:201,25,0,104
BRDA:201,25,1,86
BRDA:201,25,2,86
BRDA:211,26,0,86
BRDA:211,26,1,0
BRDA:222,27,0,86
BRDA:222,27,1,0
BRDA:229,28,0,104
BRDA:229,28,1,1
BRDA:229,28,2,1
BRDA:264,29,0,2
BRDA:264,29,1,85
BRDA:268,30,0,2
BRDA:268,30,1,85
BRDA:271,31,0,2
BRDA:271,31,1,85
BRDA:272,32,0,2
BRDA:272,32,1,85
BRDA:294,33,0,104
BRDA:294,33,1,86
BRDA:332,34,0,104
BRDA:332,34,1,12
BRDA:359,35,0,1
BRDA:359,35,1,11
BRDA:367,36,0,104
BRDA:367,36,1,55
BRDA:382,37,0,0
BRDA:382,37,1,55
BRDA:389,38,0,0
BRDA:389,38,1,55
BRDA:397,39,0,0
BRDA:397,39,1,55
BRDA:406,40,0,0
BRDA:406,40,1,55
BRDA:414,41,0,0
BRDA:414,41,1,55
BRDA:422,42,0,0
BRDA:422,42,1,55
BRDA:431,43,0,1
BRDA:431,43,1,54
BRF:90
BRH:69
end_of_record
TN:
SF:src/components/SalesDashboard.jsx
FN:5,(anonymous_0)
FN:27,(anonymous_1)
FN:33,SalesDashboard
FN:130,(anonymous_3)
FN:143,(anonymous_4)
FN:157,(anonymous_5)
FN:157,(anonymous_6)
FN:169,(anonymous_7)
FN:179,SkuDetailModal
FN:226,(anonymous_9)
FN:276,(anonymous_10)
FN:310,(anonymous_11)
FN:331,SkuAnalysisSection
FN:336,(anonymous_13)
FN:346,(anonymous_14)
FN:357,(anonymous_15)
FN:366,(anonymous_16)
FN:377,(anonymous_17)
FN:387,(anonymous_18)
FN:410,(anonymous_19)
FN:442,(anonymous_20)
FNF:21
FNH:10
FNDA:19,(anonymous_0)
FNDA:67,(anonymous_1)
FNDA:20,SalesDashboard
FNDA:29,(anonymous_3)
FNDA:0,(anonymous_4)
FNDA:29,(anonymous_5)
FNDA:14,(anonymous_6)
FNDA:29,(anonymous_7)
FNDA:0,SkuDetailModal
FNDA:0,(anonymous_9)
FNDA:0,(anonymous_10)
FNDA:0,(anonymous_11)
FNDA:19,SkuAnalysisSection
FNDA:14,(anonymous_13)
FNDA:0,(anonymous_14)
FNDA:0,(anonymous_15)
FNDA:0,(anonymous_16)
FNDA:14,(anonymous_17)
FNDA:0,(anonymous_18)
FNDA:0,(anonymous_19)
FNDA:0,(anonymous_20)
DA:5,2
DA:6,19
DA:7,19
DA:8,19
DA:9,19
DA:10,19
DA:11,19
DA:13,19
DA:27,2
DA:28,67
DA:34,20
DA:36,20
DA:38,19
DA:41,20
DA:44,20
DA:47,20
DA:48,20
DA:49,20
DA:53,20
DA:131,29
DA:143,0
DA:157,29
DA:158,14
DA:169,29
DA:180,0
DA:181,0
DA:182,0
DA:183,0
DA:184,0
DA:185,0
DA:186,0
DA:187,0
DA:189,0
DA:227,0
DA:228,0
DA:277,0
DA:311,0
DA:332,19
DA:333,19
DA:334,19
DA:336,19
DA:337,14
DA:338,0
DA:339,0
DA:342,19
DA:346,0
DA:357,0
DA:366,0
DA:378,14
DA:379,14
DA:380,14
DA:381,14
DA:383,14
DA:387,0
DA:410,0
DA:442,0
LF:56
LH:34
BRDA:5,0,0,19
BRDA:5,1,0,19
BRDA:10,2,0,19
BRDA:10,2,1,0
BRDA:11,3,0,0
BRDA:11,3,1,19
BRDA:27,4,0,67
BRDA:28,5,0,0
BRDA:28,5,1,67
BRDA:34,6,0,20
BRDA:34,6,1,1
BRDA:36,7,0,1
BRDA:36,7,1,19
BRDA:38,8,0,19
BRDA:38,8,1,0
BRDA:41,9,0,14
BRDA:41,9,1,5
BRDA:44,10,0,19
BRDA:44,10,1,0
BRDA:49,11,0,14
BRDA:49,11,1,5
BRDA:58,12,0,20
BRDA:58,12,1,0
BRDA:58,13,0,19
BRDA:58,13,1,0
BRDA:72,14,0,14
BRDA:72,14,1,5
BRDA:75,15,0,14
BRDA:75,15,1,5
BRDA:113,16,0,20
BRDA:113,16,1,4
BRDA:114,17,0,20
BRDA:114,17,1,0
BRDA:130,18,0,20
BRDA:130,18,1,0
BRDA:131,19,0,14
BRDA:131,19,1,15
BRDA:140,20,0,14
BRDA:140,20,1,15
BRDA:140,21,0,29
BRDA:140,21,1,0
BRDA:140,22,0,28
BRDA:140,22,1,1
BRDA:143,23,0,0
BRDA:143,23,1,0
BRDA:157,24,0,20
BRDA:157,24,1,0
BRDA:160,25,0,14
BRDA:160,25,1,0
BRDA:163,26,0,14
BRDA:163,26,1,0
BRDA:163,27,0,14
BRDA:163,27,1,0
BRDA:168,28,0,20
BRDA:168,28,1,5
BRDA:169,29,0,20
BRDA:169,29,1,0
BRDA:180,30,0,0
BRDA:180,30,1,0
BRDA:181,31,0,0
BRDA:181,31,1,0
BRDA:183,32,0,0
BRDA:183,32,1,0
BRDA:184,33,0,0
BRDA:184,33,1,0
BRDA:185,34,0,0
BRDA:185,34,1,0
BRDA:186,35,0,0
BRDA:186,35,1,0
BRDA:187,36,0,0
BRDA:187,36,1,0
BRDA:210,37,0,0
BRDA:210,37,1,0
BRDA:215,38,0,0
BRDA:215,38,1,0
BRDA:227,39,0,0
BRDA:227,39,1,0
BRDA:230,40,0,0
BRDA:230,40,1,0
BRDA:232,41,0,0
BRDA:232,41,1,0
BRDA:256,42,0,0
BRDA:256,42,1,0
BRDA:263,43,0,0
BRDA:263,43,1,0
BRDA:290,44,0,0
BRDA:290,44,1,0
BRDA:297,45,0,0
BRDA:297,45,1,0
BRDA:297,46,0,0
BRDA:297,46,1,0
BRDA:337,47,0,14
BRDA:337,47,1,0
BRDA:338,48,0,0
BRDA:338,48,1,0
BRDA:352,49,0,19
BRDA:352,49,1,0
BRDA:373,50,0,19
BRDA:373,50,1,5
BRDA:374,51,0,19
BRDA:374,51,1,0
BRDA:377,52,0,19
BRDA:377,52,1,0
BRDA:381,53,0,14
BRDA:381,53,1,0
BRDA:381,54,0,14
BRDA:381,54,1,0
BRDA:387,55,0,0
BRDA:387,55,1,0
BRDA:397,56,0,0
BRDA:397,56,1,14
BRDA:406,57,0,14
BRDA:406,57,1,0
BRDA:442,58,0,19
BRDA:442,58,1,0
BRF:115
BRH:51
end_of_record
TN:
SF:src/components/SupervisorDashboard.jsx
FN:5,(anonymous_0)
FN:7,(anonymous_1)
FN:13,SupervisorDashboard
FN:21,(anonymous_3)
FN:25,(anonymous_4)
FN:29,(anonymous_5)
FN:31,(anonymous_6)
FN:39,(anonymous_7)
FN:48,(anonymous_8)
FN:79,(anonymous_9)
FN:79,(anonymous_10)
FN:103,(anonymous_11)
FN:135,(anonymous_12)
FN:144,TargetConfigForm
FN:147,(anonymous_14)
FN:150,(anonymous_15)
FN:153,(anonymous_16)
FN:155,(anonymous_17)
FN:161,(anonymous_18)
FN:165,(anonymous_19)
FN:169,(anonymous_20)
FNF:21
FNH:3
FNDA:0,(anonymous_0)
FNDA:3,(anonymous_1)
FNDA:1,SupervisorDashboard
FNDA:0,(anonymous_3)
FNDA:0,(anonymous_4)
FNDA:1,(anonymous_5)
FNDA:0,(anonymous_6)
FNDA:0,(anonymous_7)
FNDA:0,(anonymous_8)
FNDA:0,(anonymous_9)
FNDA:0,(anonymous_10)
FNDA:0,(anonymous_11)
FNDA:0,(anonymous_12)
FNDA:0,TargetConfigForm
FNDA:0,(anonymous_14)
FNDA:0,(anonymous_15)
FNDA:0,(anonymous_16)
FNDA:0,(anonymous_17)
FNDA:0,(anonymous_18)
FNDA:0,(anonymous_19)
FNDA:0,(anonymous_20)
DA:5,1
DA:7,1
DA:8,3
DA:14,1
DA:15,1
DA:16,1
DA:17,1
DA:18,1
DA:19,1
DA:21,1
DA:22,0
DA:23,0
DA:24,0
DA:25,0
DA:26,0
DA:29,1
DA:31,1
DA:32,0
DA:33,0
DA:34,0
DA:39,0
DA:41,0
DA:46,0
DA:47,0
DA:48,0
DA:49,0
DA:52,1
DA:54,1
DA:79,0
DA:80,0
DA:103,0
DA:135,0
DA:145,0
DA:146,0
DA:147,0
DA:149,0
DA:150,0
DA:153,0
DA:155,0
DA:161,0
DA:165,0
DA:169,0
LF:42
LH:14
BRDA:5,0,0,0
BRDA:5,0,1,0
BRDA:7,1,0,3
BRDA:14,2,0,1
BRDA:14,2,1,0
BRDA:25,3,0,0
BRDA:25,3,1,0
BRDA:29,4,0,0
BRDA:29,4,1,1
BRDA:39,5,0,0
BRDA:39,5,1,0
BRDA:46,6,0,0
BRDA:46,6,1,0
BRDA:52,7,0,0
BRDA:52,7,1,1
BRDA:58,8,0,1
BRDA:58,8,1,1
BRDA:66,9,0,1
BRDA:66,9,1,1
BRDA:67,10,0,1
BRDA:67,10,1,1
BRDA:67,11,0,1
BRDA:67,11,1,1
BRDA:79,12,0,1
BRDA:79,12,1,0
BRDA:85,13,0,0
BRDA:85,13,1,0
BRDA:89,14,0,0
BRDA:89,14,1,0
BRDA:89,15,0,0
BRDA:89,15,1,0
BRDA:91,16,0,0
BRDA:91,16,1,0
BRDA:91,17,0,0
BRDA:91,17,1,0
BRDA:96,18,0,1
BRDA:96,18,1,1
BRDA:97,19,0,1
BRDA:97,19,1,0
BRDA:104,20,0,0
BRDA:104,20,1,1
BRDA:108,21,0,1
BRDA:108,21,1,0
BRDA:110,22,0,0
BRDA:110,22,1,0
BRDA:110,23,0,0
BRDA:110,23,1,0
BRDA:117,24,0,1
BRDA:117,24,1,1
BRDA:117,24,2,0
BRDA:125,25,0,1
BRDA:125,25,1,1
BRDA:132,26,0,1
BRDA:132,26,1,1
BRDA:135,27,0,0
BRDA:135,27,1,0
BRDA:155,28,0,0
BRDA:155,28,1,0
BRDA:172,29,0,0
BRDA:172,29,1,0
BRDA:174,30,0,0
BRDA:174,30,1,0
BRDA:175,31,0,0
BRDA:175,31,1,0
BRDA:177,32,0,0
BRDA:177,32,1,0
BRF:66
BRH:24
end_of_record
TN:
SF:src/pages/Login.jsx
FN:5,Login
FN:12,(anonymous_1)
FN:49,(anonymous_2)
FN:56,(anonymous_3)
FN:57,(anonymous_4)
FN:57,(anonymous_5)
FNF:6
FNH:6
FNDA:120,Login
FNDA:4,(anonymous_1)
FNDA:66,(anonymous_2)
FNDA:39,(anonymous_3)
FNDA:2,(anonymous_4)
FNDA:2,(anonymous_5)
DA:6,120
DA:7,120
DA:8,120
DA:9,120
DA:10,120
DA:12,120
DA:13,4
DA:14,4
DA:15,4
DA:16,4
DA:17,4
DA:22,3
DA:23,3
DA:25,2
DA:26,2
DA:27,2
DA:29,1
DA:30,3
DA:33,120
DA:49,66
DA:56,39
DA:57,2
LF:22
LH:22
BRDA:23,0,0,1
BRDA:23,0,1,2
BRDA:23,1,0,1
BRDA:23,1,1,0
BRDA:27,2,0,1
BRDA:27,2,1,1
BRDA:56,3,0,1
BRDA:56,3,1,119
BRDA:58,4,0,1
BRDA:58,4,1,119
BRDA:62,5,0,120
BRDA:62,5,1,1
BRDA:64,6,0,4
BRDA:64,6,1,116
BRF:14
BRH:13
end_of_record
